app/build/intermediates/manifest_merge_blame_file/debug/manifest-merger-blame-debug-report.txt
1<?xml version="1.0" encoding="utf-8"?>
2<manifest xmlns:android="http://schemas.android.com/apk/res/android"
3    package="be.seppevandenberk.degrootrally"
4    android:versionCode="1"
5    android:versionName="1.0" >
6
7    <uses-sdk
8        android:minSdkVersion="26"
8-->src\main\AndroidManifest.xml
9        android:targetSdkVersion="33" />
9-->src\main\AndroidManifest.xml
10
11    <uses-permission android:name="android.permission.ACCESS_COARSE_LOCATION" />
11-->src\main\AndroidManifest.xml:5:5-81
11-->src\main\AndroidManifest.xml:5:22-78
12    <uses-permission android:name="android.permission.ACCESS_FINE_LOCATION" />
12-->src\main\AndroidManifest.xml:6:5-79
12-->src\main\AndroidManifest.xml:6:22-76
13    <uses-permission android:name="android.permission.READ_EXTERNAL_STORAGE" />
13-->src\main\AndroidManifest.xml:7:5-80
13-->src\main\AndroidManifest.xml:7:22-77
14    <uses-permission android:name="android.permission.INTERNET" />
14-->src\main\AndroidManifest.xml:8:5-67
14-->src\main\AndroidManifest.xml:8:22-64
15
16    <!-- Include required permissions for Google Maps API to run. -->
17    <uses-permission android:name="android.permission.ACCESS_NETWORK_STATE" />
17-->[com.google.android.gms:play-services-maps:18.1.0] AndroidManifest.xml:23:5-79
17-->[com.google.android.gms:play-services-maps:18.1.0] AndroidManifest.xml:23:22-76
18
19    <uses-feature
19-->[com.google.android.gms:play-services-maps:18.1.0] AndroidManifest.xml:26:5-28:35
20        android:glEsVersion="0x00020000"
20-->[com.google.android.gms:play-services-maps:18.1.0] AndroidManifest.xml:27:9-41
21        android:required="true" />
21-->[com.google.android.gms:play-services-maps:18.1.0] AndroidManifest.xml:28:9-32
22
23    <queries>
23-->[com.google.android.gms:play-services-maps:18.1.0] AndroidManifest.xml:30:5-34:15
24
25        <!-- Needs to be explicitly declared on Android R+ -->
26        <package android:name="com.google.android.apps.maps" />
26-->[com.google.android.gms:play-services-maps:18.1.0] AndroidManifest.xml:33:9-64
26-->[com.google.android.gms:play-services-maps:18.1.0] AndroidManifest.xml:33:18-61
27    </queries>
28
29    <permission
29-->[androidx.core:core:1.9.0] AndroidManifest.xml:22:5-24:47
30        android:name="be.seppevandenberk.degrootrally.DYNAMIC_RECEIVER_NOT_EXPORTED_PERMISSION"
30-->[androidx.core:core:1.9.0] AndroidManifest.xml:23:9-81
31        android:protectionLevel="signature" />
31-->[androidx.core:core:1.9.0] AndroidManifest.xml:24:9-44
32
33    <uses-permission android:name="be.seppevandenberk.degrootrally.DYNAMIC_RECEIVER_NOT_EXPORTED_PERMISSION" /> <!-- Permission will be merged into the manifest of the hosting app. -->
33-->[androidx.core:core:1.9.0] AndroidManifest.xml:26:5-97
33-->[androidx.core:core:1.9.0] AndroidManifest.xml:26:22-94
34    <!-- Is required to launch foreground extraction service for targetSdkVersion 28+. -->
35    <uses-permission android:name="android.permission.FOREGROUND_SERVICE" />
35-->[com.google.android.play:core:1.10.3] AndroidManifest.xml:13:5-77
35-->[com.google.android.play:core:1.10.3] AndroidManifest.xml:13:22-74
36
37    <application
37-->src\main\AndroidManifest.xml:11:5-41:19
38        android:allowBackup="true"
38-->src\main\AndroidManifest.xml:12:9-35
39        android:appComponentFactory="androidx.core.app.CoreComponentFactory"
39-->[androidx.core:core:1.9.0] AndroidManifest.xml:28:18-86
40        android:dataExtractionRules="@xml/data_extraction_rules"
40-->src\main\AndroidManifest.xml:13:9-65
41        android:debuggable="true"
42        android:extractNativeLibs="false"
43        android:fullBackupContent="@xml/backup_rules"
43-->src\main\AndroidManifest.xml:14:9-54
44        android:icon="@mipmap/ic_launcher_square"
44-->src\main\AndroidManifest.xml:15:9-50
45        android:label="@string/app_name"
45-->src\main\AndroidManifest.xml:16:9-41
46        android:supportsRtl="true"
46-->src\main\AndroidManifest.xml:17:9-35
47        android:testOnly="true"
48        android:theme="@style/Theme.DegrootRally" >
48-->src\main\AndroidManifest.xml:18:9-50
49        <meta-data
50            android:name="com.google.android.geo.API_KEY"
50-->src\main\AndroidManifest.xml:22:13-58
51            android:value="AIzaSyB5gXpCOVyrWWu9trUSst-cmSaFgk99Hf4" />
51-->src\main\AndroidManifest.xml:23:13-51
52
53        <activity
53-->src\main\AndroidManifest.xml:25:9-28:59
54            android:name="be.seppevandenberk.degrootrally.activities.MapsActivity"
54-->src\main\AndroidManifest.xml:26:13-52
55            android:exported="false"
55-->src\main\AndroidManifest.xml:27:13-37
56            android:label="@string/title_activity_maps" />
56-->src\main\AndroidManifest.xml:28:13-56
57        <activity
57-->src\main\AndroidManifest.xml:29:9-31:39
58            android:name="be.seppevandenberk.degrootrally.activities.MainActivity"
58-->src\main\AndroidManifest.xml:30:13-52
59            android:exported="true" />
59-->src\main\AndroidManifest.xml:31:13-36
60        <activity
60-->src\main\AndroidManifest.xml:32:9-40:20
61            android:name="be.seppevandenberk.degrootrally.activities.LoginActivity"
61-->src\main\AndroidManifest.xml:33:13-53
62            android:exported="true" >
62-->src\main\AndroidManifest.xml:34:13-36
63            <intent-filter>
63-->src\main\AndroidManifest.xml:35:13-39:29
64                <action android:name="android.intent.action.MAIN" />
64-->src\main\AndroidManifest.xml:36:17-69
64-->src\main\AndroidManifest.xml:36:25-66
65
66                <category android:name="android.intent.category.LAUNCHER" />
66-->src\main\AndroidManifest.xml:38:17-77
66-->src\main\AndroidManifest.xml:38:27-74
67            </intent-filter>
68        </activity>
69        <!-- Needs to be explicitly declared on P+ -->
70        <uses-library
70-->[com.google.android.gms:play-services-maps:18.1.0] AndroidManifest.xml:39:9-41:40
71            android:name="org.apache.http.legacy"
71-->[com.google.android.gms:play-services-maps:18.1.0] AndroidManifest.xml:40:13-50
72            android:required="false" />
72-->[com.google.android.gms:play-services-maps:18.1.0] AndroidManifest.xml:41:13-37
73
74        <activity
74-->[com.google.android.gms:play-services-base:18.0.1] AndroidManifest.xml:20:9-22:45
75            android:name="com.google.android.gms.common.api.GoogleApiActivity"
75-->[com.google.android.gms:play-services-base:18.0.1] AndroidManifest.xml:20:19-85
76            android:exported="false"
76-->[com.google.android.gms:play-services-base:18.0.1] AndroidManifest.xml:22:19-43
77            android:theme="@android:style/Theme.Translucent.NoTitleBar" />
77-->[com.google.android.gms:play-services-base:18.0.1] AndroidManifest.xml:21:19-78
78
79        <meta-data
79-->[com.google.android.gms:play-services-basement:18.0.0] AndroidManifest.xml:21:9-23:69
80            android:name="com.google.android.gms.version"
80-->[com.google.android.gms:play-services-basement:18.0.0] AndroidManifest.xml:22:13-58
81            android:value="@integer/google_play_services_version" />
81-->[com.google.android.gms:play-services-basement:18.0.0] AndroidManifest.xml:23:13-66
82
83        <uses-library
83-->[androidx.window:window:1.0.0] AndroidManifest.xml:25:9-27:40
84            android:name="androidx.window.extensions"
84-->[androidx.window:window:1.0.0] AndroidManifest.xml:26:13-54
85            android:required="false" />
85-->[androidx.window:window:1.0.0] AndroidManifest.xml:27:13-37
86        <uses-library
86-->[androidx.window:window:1.0.0] AndroidManifest.xml:28:9-30:40
87            android:name="androidx.window.sidecar"
87-->[androidx.window:window:1.0.0] AndroidManifest.xml:29:13-51
88            android:required="false" />
88-->[androidx.window:window:1.0.0] AndroidManifest.xml:30:13-37
89
90        <provider
90-->[androidx.emoji2:emoji2:1.2.0] AndroidManifest.xml:24:9-32:20
91            android:name="androidx.startup.InitializationProvider"
91-->[androidx.emoji2:emoji2:1.2.0] AndroidManifest.xml:25:13-67
92            android:authorities="be.seppevandenberk.degrootrally.androidx-startup"
92-->[androidx.emoji2:emoji2:1.2.0] AndroidManifest.xml:26:13-68
93            android:exported="false" >
93-->[androidx.emoji2:emoji2:1.2.0] AndroidManifest.xml:27:13-37
94            <meta-data
94-->[androidx.emoji2:emoji2:1.2.0] AndroidManifest.xml:29:13-31:52
95                android:name="androidx.emoji2.text.EmojiCompatInitializer"
95-->[androidx.emoji2:emoji2:1.2.0] AndroidManifest.xml:30:17-75
96                android:value="androidx.startup" />
96-->[androidx.emoji2:emoji2:1.2.0] AndroidManifest.xml:31:17-49
97            <meta-data
97-->[androidx.lifecycle:lifecycle-process:2.4.1] AndroidManifest.xml:31:13-33:52
98                android:name="androidx.lifecycle.ProcessLifecycleInitializer"
98-->[androidx.lifecycle:lifecycle-process:2.4.1] AndroidManifest.xml:32:17-78
99                android:value="androidx.startup" />
99-->[androidx.lifecycle:lifecycle-process:2.4.1] AndroidManifest.xml:33:17-49
100            <meta-data
100-->[androidx.profileinstaller:profileinstaller:1.0.1] AndroidManifest.xml:31:13-33:52
101                android:name="androidx.profileinstaller.ProfileInstallerInitializer"
101-->[androidx.profileinstaller:profileinstaller:1.0.1] AndroidManifest.xml:32:17-85
102                android:value="androidx.startup" />
102-->[androidx.profileinstaller:profileinstaller:1.0.1] AndroidManifest.xml:33:17-49
103        </provider>
104
105        <receiver
105-->[androidx.profileinstaller:profileinstaller:1.0.1] AndroidManifest.xml:36:9-45:20
106            android:name="androidx.profileinstaller.ProfileInstallReceiver"
106-->[androidx.profileinstaller:profileinstaller:1.0.1] AndroidManifest.xml:37:13-76
107            android:directBootAware="false"
107-->[androidx.profileinstaller:profileinstaller:1.0.1] AndroidManifest.xml:38:13-44
108            android:enabled="true"
108-->[androidx.profileinstaller:profileinstaller:1.0.1] AndroidManifest.xml:39:13-35
109            android:exported="true"
109-->[androidx.profileinstaller:profileinstaller:1.0.1] AndroidManifest.xml:40:13-36
110            android:permission="android.permission.DUMP" >
110-->[androidx.profileinstaller:profileinstaller:1.0.1] AndroidManifest.xml:41:13-57
111            <intent-filter>
111-->[androidx.profileinstaller:profileinstaller:1.0.1] AndroidManifest.xml:42:13-44:29
112                <action android:name="androidx.profileinstaller.action.INSTALL_PROFILE" />
112-->[androidx.profileinstaller:profileinstaller:1.0.1] AndroidManifest.xml:43:17-91
112-->[androidx.profileinstaller:profileinstaller:1.0.1] AndroidManifest.xml:43:25-88
113            </intent-filter>
114        </receiver> <!-- The activities will be merged into the manifest of the hosting app. -->
115        <activity
115-->[com.google.android.play:core:1.10.3] AndroidManifest.xml:18:9-24:45
116            android:name="com.google.android.play.core.missingsplits.PlayCoreMissingSplitsActivity"
116-->[com.google.android.play:core:1.10.3] AndroidManifest.xml:19:13-100
117            android:enabled="false"
117-->[com.google.android.play:core:1.10.3] AndroidManifest.xml:20:13-36
118            android:exported="false"
118-->[com.google.android.play:core:1.10.3] AndroidManifest.xml:21:13-37
119            android:launchMode="singleInstance"
119-->[com.google.android.play:core:1.10.3] AndroidManifest.xml:22:13-48
120            android:process=":playcore_missing_splits_activity"
120-->[com.google.android.play:core:1.10.3] AndroidManifest.xml:23:13-64
121            android:stateNotNeeded="true" />
121-->[com.google.android.play:core:1.10.3] AndroidManifest.xml:24:13-42
122        <activity
122-->[com.google.android.play:core:1.10.3] AndroidManifest.xml:25:9-29:65
123            android:name="com.google.android.play.core.common.PlayCoreDialogWrapperActivity"
123-->[com.google.android.play:core:1.10.3] AndroidManifest.xml:26:13-93
124            android:exported="false"
124-->[com.google.android.play:core:1.10.3] AndroidManifest.xml:27:13-37
125            android:stateNotNeeded="true"
125-->[com.google.android.play:core:1.10.3] AndroidManifest.xml:28:13-42
126            android:theme="@style/Theme.PlayCore.Transparent" /> <!-- The services will be merged into the manifest of the hosting app. -->
126-->[com.google.android.play:core:1.10.3] AndroidManifest.xml:29:13-62
127        <service
127-->[com.google.android.play:core:1.10.3] AndroidManifest.xml:32:9-39:19
128            android:name="com.google.android.play.core.assetpacks.AssetPackExtractionService"
128-->[com.google.android.play:core:1.10.3] AndroidManifest.xml:33:13-94
129            android:enabled="false"
129-->[com.google.android.play:core:1.10.3] AndroidManifest.xml:34:13-36
130            android:exported="true" >
130-->[com.google.android.play:core:1.10.3] AndroidManifest.xml:35:13-36
131            <meta-data
131-->[com.google.android.play:core:1.10.3] AndroidManifest.xml:36:13-38:41
132                android:name="com.google.android.play.core.assetpacks.versionCode"
132-->[com.google.android.play:core:1.10.3] AndroidManifest.xml:37:17-83
133                android:value="11003" />
133-->[com.google.android.play:core:1.10.3] AndroidManifest.xml:38:17-38
134        </service>
135        <service
135-->[com.google.android.play:core:1.10.3] AndroidManifest.xml:40:9-43:40
136            android:name="com.google.android.play.core.assetpacks.ExtractionForegroundService"
136-->[com.google.android.play:core:1.10.3] AndroidManifest.xml:41:13-95
137            android:enabled="false"
137-->[com.google.android.play:core:1.10.3] AndroidManifest.xml:42:13-36
138            android:exported="false" />
138-->[com.google.android.play:core:1.10.3] AndroidManifest.xml:43:13-37
139    </application>
140
141</manifest>